<?xml version="1.0" encoding="UTF-8"?>
<!-- Generated by org.testng.reporters.JUnitXMLReporter -->
<testsuite ignored="4" hostname="kajalmiglani01" failures="0" tests="3" name="Test" time="109.638" errors="0" timestamp="2023-08-08T20:14:19 IST">
  <testcase classname="tests.HomeTest" name="verifySearchFunctionalityOnHomeScreen" time="11.252"/>
  <testcase classname="tests.AddToCartTest" name="verifyUserCanAddItemToCartAndEditCart" time="61.186"/>
  <testcase classname="tests.LoginTest" name="verifyLoginForExistingUser" time="14.167"/>
  <testcase classname="tests.BaseTest" name="@BeforeTest beforeTestFunction" time="0.0">
    <ignored/>
  </testcase> <!-- @BeforeTest beforeTestFunction -->
  <testcase classname="tests.BaseTest" name="@AfterTest afterTestFunction" time="0.0">
    <ignored/>
  </testcase> <!-- @AfterTest afterTestFunction -->
  <testcase classname="tests.BaseTest" name="@BeforeTest beforeTestFunction" time="0.0">
    <ignored/>
  </testcase> <!-- @BeforeTest beforeTestFunction -->
  <testcase classname="tests.BaseTest" name="@AfterTest afterTestFunction" time="0.0">
    <ignored/>
  </testcase> <!-- @AfterTest afterTestFunction -->
</testsuite> <!-- Test -->
