<?xml version="1.0" encoding="UTF-8"?>
<testng-results ignored="4" total="7" passed="3" failed="0" skipped="0">
  <reporter-output>
  </reporter-output>
  <suite started-at="2023-08-09T03:37:49 IST" name="Suite" finished-at="2023-08-09T03:38:53 IST" duration-ms="63819">
    <groups>
    </groups>
    <test started-at="2023-08-09T03:37:49 IST" name="Test" finished-at="2023-08-09T03:38:53 IST" duration-ms="63819">
      <class name="tests.LoginTest">
        <test-method is-config="true" signature="beforeMethodFunction(java.lang.reflect.Method)[pri:0, instance:tests.LoginTest@34e9fd99]" started-at="2023-08-09T03:38:36 IST" name="beforeMethodFunction" finished-at="2023-08-09T03:38:42 IST" duration-ms="5995" status="PASS">
          <params>
            <param index="0">
              <value>
                <![CDATA[public void tests.LoginTest.verifyLoginForExistingUser() throws java.io.IOException,java.lang.InterruptedException]]>
              </value>
            </param>
          </params>
          <reporter-output>
          </reporter-output>
        </test-method> <!-- beforeMethodFunction -->
        <test-method is-config="true" signature="setup()[pri:0, instance:tests.LoginTest@34e9fd99]" started-at="2023-08-09T03:38:42 IST" name="setup" finished-at="2023-08-09T03:38:42 IST" duration-ms="1" status="PASS">
          <reporter-output>
          </reporter-output>
        </test-method> <!-- setup -->
        <test-method signature="verifyLoginForExistingUser()[pri:0, instance:tests.LoginTest@34e9fd99]" started-at="2023-08-09T03:38:42 IST" name="verifyLoginForExistingUser" finished-at="2023-08-09T03:38:52 IST" duration-ms="9858" status="PASS">
          <reporter-output>
          </reporter-output>
        </test-method> <!-- verifyLoginForExistingUser -->
        <test-method is-config="true" signature="afterMethodFunction(org.testng.ITestResult)[pri:0, instance:tests.LoginTest@34e9fd99]" started-at="2023-08-09T03:38:52 IST" name="afterMethodFunction" finished-at="2023-08-09T03:38:52 IST" duration-ms="361" status="PASS">
          <params>
            <param index="0">
              <value>
                <![CDATA[[TestResult name=verifyLoginForExistingUser status=SUCCESS method=LoginTest.verifyLoginForExistingUser()[pri:0, instance:tests.LoginTest@34e9fd99] output={null}]]]>
              </value>
            </param>
          </params>
          <reporter-output>
          </reporter-output>
        </test-method> <!-- afterMethodFunction -->
      </class> <!-- tests.LoginTest -->
      <class name="tests.AddToCartTest">
        <test-method is-config="true" signature="beforeMethodFunction(java.lang.reflect.Method)[pri:0, instance:tests.AddToCartTest@45752059]" started-at="2023-08-09T03:38:04 IST" name="beforeMethodFunction" finished-at="2023-08-09T03:38:10 IST" duration-ms="6670" status="PASS">
          <params>
            <param index="0">
              <value>
                <![CDATA[public void tests.AddToCartTest.verifyUserCanAddItemToCartAndEditCart() throws java.io.IOException,java.lang.InterruptedException]]>
              </value>
            </param>
          </params>
          <reporter-output>
          </reporter-output>
        </test-method> <!-- beforeMethodFunction -->
        <test-method is-config="true" signature="setup()[pri:0, instance:tests.AddToCartTest@45752059]" started-at="2023-08-09T03:38:10 IST" name="setup" finished-at="2023-08-09T03:38:10 IST" duration-ms="10" status="PASS">
          <reporter-output>
          </reporter-output>
        </test-method> <!-- setup -->
        <test-method signature="verifyUserCanAddItemToCartAndEditCart()[pri:0, instance:tests.AddToCartTest@45752059]" started-at="2023-08-09T03:38:10 IST" name="verifyUserCanAddItemToCartAndEditCart" finished-at="2023-08-09T03:38:35 IST" duration-ms="24995" status="PASS">
          <reporter-output>
          </reporter-output>
        </test-method> <!-- verifyUserCanAddItemToCartAndEditCart -->
        <test-method is-config="true" signature="afterMethodFunction(org.testng.ITestResult)[pri:0, instance:tests.AddToCartTest@45752059]" started-at="2023-08-09T03:38:35 IST" name="afterMethodFunction" finished-at="2023-08-09T03:38:36 IST" duration-ms="625" status="PASS">
          <params>
            <param index="0">
              <value>
                <![CDATA[[TestResult name=verifyUserCanAddItemToCartAndEditCart status=SUCCESS method=AddToCartTest.verifyUserCanAddItemToCartAndEditCart()[pri:0, instance:tests.AddToCartTest@45752059] output={null}]]]>
              </value>
            </param>
          </params>
          <reporter-output>
          </reporter-output>
        </test-method> <!-- afterMethodFunction -->
      </class> <!-- tests.AddToCartTest -->
      <class name="tests.HomeTest">
        <test-method is-config="true" signature="beforeTestFunction()[pri:0, instance:tests.HomeTest@443118b0]" started-at="2023-08-09T03:37:49 IST" name="beforeTestFunction" finished-at="2023-08-09T03:37:49 IST" duration-ms="374" status="PASS">
          <reporter-output>
          </reporter-output>
        </test-method> <!-- beforeTestFunction -->
        <test-method is-config="true" signature="beforeMethodFunction(java.lang.reflect.Method)[pri:0, instance:tests.HomeTest@443118b0]" started-at="2023-08-09T03:37:49 IST" name="beforeMethodFunction" finished-at="2023-08-09T03:37:57 IST" duration-ms="8059" status="PASS">
          <params>
            <param index="0">
              <value>
                <![CDATA[public void tests.HomeTest.verifySearchFunctionalityOnHomeScreen() throws java.io.IOException]]>
              </value>
            </param>
          </params>
          <reporter-output>
          </reporter-output>
        </test-method> <!-- beforeMethodFunction -->
        <test-method is-config="true" signature="setup()[pri:0, instance:tests.HomeTest@443118b0]" started-at="2023-08-09T03:37:57 IST" name="setup" finished-at="2023-08-09T03:37:57 IST" duration-ms="56" status="PASS">
          <reporter-output>
          </reporter-output>
        </test-method> <!-- setup -->
        <test-method signature="verifySearchFunctionalityOnHomeScreen()[pri:0, instance:tests.HomeTest@443118b0]" started-at="2023-08-09T03:37:57 IST" name="verifySearchFunctionalityOnHomeScreen" finished-at="2023-08-09T03:38:03 IST" duration-ms="6145" status="PASS">
          <reporter-output>
          </reporter-output>
        </test-method> <!-- verifySearchFunctionalityOnHomeScreen -->
        <test-method is-config="true" signature="afterMethodFunction(org.testng.ITestResult)[pri:0, instance:tests.HomeTest@443118b0]" started-at="2023-08-09T03:38:03 IST" name="afterMethodFunction" finished-at="2023-08-09T03:38:04 IST" duration-ms="287" status="PASS">
          <params>
            <param index="0">
              <value>
                <![CDATA[[TestResult name=verifySearchFunctionalityOnHomeScreen status=SUCCESS method=HomeTest.verifySearchFunctionalityOnHomeScreen()[pri:0, instance:tests.HomeTest@443118b0] output={null}]]]>
              </value>
            </param>
          </params>
          <reporter-output>
          </reporter-output>
        </test-method> <!-- afterMethodFunction -->
        <test-method is-config="true" signature="afterTestFunction()[pri:0, instance:tests.HomeTest@443118b0]" started-at="2023-08-09T03:38:52 IST" name="afterTestFunction" finished-at="2023-08-09T03:38:53 IST" duration-ms="329" status="PASS">
          <reporter-output>
          </reporter-output>
        </test-method> <!-- afterTestFunction -->
      </class> <!-- tests.HomeTest -->
    </test> <!-- Test -->
  </suite> <!-- Suite -->
</testng-results>
