<?xml version="1.0" encoding="UTF-8"?>
<testng-results ignored="4" total="7" passed="3" failed="0" skipped="0">
  <reporter-output>
  </reporter-output>
  <suite started-at="2023-08-09T06:45:22 IST" name="Suite" finished-at="2023-08-09T06:46:08 IST" duration-ms="46232">
    <groups>
    </groups>
    <test started-at="2023-08-09T06:45:22 IST" name="Test" finished-at="2023-08-09T06:46:08 IST" duration-ms="46232">
      <class name="tests.LoginTest">
        <test-method is-config="true" signature="beforeMethodFunction(java.lang.reflect.Method)[pri:0, instance:tests.LoginTest@480d3575]" started-at="2023-08-09T06:45:56 IST" name="beforeMethodFunction" finished-at="2023-08-09T06:46:03 IST" duration-ms="6320" status="PASS">
          <params>
            <param index="0">
              <value>
                <![CDATA[public void tests.LoginTest.verifyLoginForExistingUser() throws java.io.IOException,java.lang.InterruptedException]]>
              </value>
            </param>
          </params>
          <reporter-output>
          </reporter-output>
        </test-method> <!-- beforeMethodFunction -->
        <test-method is-config="true" signature="setup()[pri:0, instance:tests.LoginTest@480d3575]" started-at="2023-08-09T06:46:03 IST" name="setup" finished-at="2023-08-09T06:46:03 IST" duration-ms="3" status="PASS">
          <reporter-output>
          </reporter-output>
        </test-method> <!-- setup -->
        <test-method signature="verifyLoginForExistingUser()[pri:0, instance:tests.LoginTest@480d3575]" started-at="2023-08-09T06:46:03 IST" name="verifyLoginForExistingUser" finished-at="2023-08-09T06:46:08 IST" duration-ms="5220" status="PASS">
          <reporter-output>
          </reporter-output>
        </test-method> <!-- verifyLoginForExistingUser -->
        <test-method is-config="true" signature="afterMethodFunction(org.testng.ITestResult)[pri:0, instance:tests.LoginTest@480d3575]" started-at="2023-08-09T06:46:08 IST" name="afterMethodFunction" finished-at="2023-08-09T06:46:08 IST" duration-ms="231" status="PASS">
          <params>
            <param index="0">
              <value>
                <![CDATA[[TestResult name=verifyLoginForExistingUser status=SUCCESS method=LoginTest.verifyLoginForExistingUser()[pri:0, instance:tests.LoginTest@480d3575] output={null}]]]>
              </value>
            </param>
          </params>
          <reporter-output>
          </reporter-output>
        </test-method> <!-- afterMethodFunction -->
      </class> <!-- tests.LoginTest -->
      <class name="tests.AddToCartTest">
        <test-method is-config="true" signature="beforeMethodFunction(java.lang.reflect.Method)[pri:0, instance:tests.AddToCartTest@1807e3f6]" started-at="2023-08-09T06:45:35 IST" name="beforeMethodFunction" finished-at="2023-08-09T06:45:41 IST" duration-ms="6068" status="PASS">
          <params>
            <param index="0">
              <value>
                <![CDATA[public void tests.AddToCartTest.verifyUserCanAddItemToCartAndEditCart() throws java.io.IOException,java.lang.InterruptedException]]>
              </value>
            </param>
          </params>
          <reporter-output>
          </reporter-output>
        </test-method> <!-- beforeMethodFunction -->
        <test-method is-config="true" signature="setup()[pri:0, instance:tests.AddToCartTest@1807e3f6]" started-at="2023-08-09T06:45:41 IST" name="setup" finished-at="2023-08-09T06:45:42 IST" duration-ms="23" status="PASS">
          <reporter-output>
          </reporter-output>
        </test-method> <!-- setup -->
        <test-method signature="verifyUserCanAddItemToCartAndEditCart()[pri:0, instance:tests.AddToCartTest@1807e3f6]" started-at="2023-08-09T06:45:42 IST" name="verifyUserCanAddItemToCartAndEditCart" finished-at="2023-08-09T06:45:56 IST" duration-ms="14418" status="PASS">
          <reporter-output>
          </reporter-output>
        </test-method> <!-- verifyUserCanAddItemToCartAndEditCart -->
        <test-method is-config="true" signature="afterMethodFunction(org.testng.ITestResult)[pri:0, instance:tests.AddToCartTest@1807e3f6]" started-at="2023-08-09T06:45:56 IST" name="afterMethodFunction" finished-at="2023-08-09T06:45:56 IST" duration-ms="304" status="PASS">
          <params>
            <param index="0">
              <value>
                <![CDATA[[TestResult name=verifyUserCanAddItemToCartAndEditCart status=SUCCESS method=AddToCartTest.verifyUserCanAddItemToCartAndEditCart()[pri:0, instance:tests.AddToCartTest@1807e3f6] output={null}]]]>
              </value>
            </param>
          </params>
          <reporter-output>
          </reporter-output>
        </test-method> <!-- afterMethodFunction -->
      </class> <!-- tests.AddToCartTest -->
      <class name="tests.HomeTest">
        <test-method is-config="true" signature="beforeTestFunction()[pri:0, instance:tests.HomeTest@6f53b8a]" started-at="2023-08-09T06:45:22 IST" name="beforeTestFunction" finished-at="2023-08-09T06:45:22 IST" duration-ms="321" status="PASS">
          <reporter-output>
          </reporter-output>
        </test-method> <!-- beforeTestFunction -->
        <test-method is-config="true" signature="beforeMethodFunction(java.lang.reflect.Method)[pri:0, instance:tests.HomeTest@6f53b8a]" started-at="2023-08-09T06:45:22 IST" name="beforeMethodFunction" finished-at="2023-08-09T06:45:30 IST" duration-ms="7155" status="PASS">
          <params>
            <param index="0">
              <value>
                <![CDATA[public void tests.HomeTest.verifySearchFunctionalityOnHomeScreen() throws java.io.IOException]]>
              </value>
            </param>
          </params>
          <reporter-output>
          </reporter-output>
        </test-method> <!-- beforeMethodFunction -->
        <test-method is-config="true" signature="setup()[pri:0, instance:tests.HomeTest@6f53b8a]" started-at="2023-08-09T06:45:30 IST" name="setup" finished-at="2023-08-09T06:45:30 IST" duration-ms="47" status="PASS">
          <reporter-output>
          </reporter-output>
        </test-method> <!-- setup -->
        <test-method signature="verifySearchFunctionalityOnHomeScreen()[pri:0, instance:tests.HomeTest@6f53b8a]" started-at="2023-08-09T06:45:30 IST" name="verifySearchFunctionalityOnHomeScreen" finished-at="2023-08-09T06:45:35 IST" duration-ms="5557" status="PASS">
          <reporter-output>
          </reporter-output>
        </test-method> <!-- verifySearchFunctionalityOnHomeScreen -->
        <test-method is-config="true" signature="afterMethodFunction(org.testng.ITestResult)[pri:0, instance:tests.HomeTest@6f53b8a]" started-at="2023-08-09T06:45:35 IST" name="afterMethodFunction" finished-at="2023-08-09T06:45:35 IST" duration-ms="247" status="PASS">
          <params>
            <param index="0">
              <value>
                <![CDATA[[TestResult name=verifySearchFunctionalityOnHomeScreen status=SUCCESS method=HomeTest.verifySearchFunctionalityOnHomeScreen()[pri:0, instance:tests.HomeTest@6f53b8a] output={null}]]]>
              </value>
            </param>
          </params>
          <reporter-output>
          </reporter-output>
        </test-method> <!-- afterMethodFunction -->
        <test-method is-config="true" signature="afterTestFunction()[pri:0, instance:tests.HomeTest@6f53b8a]" started-at="2023-08-09T06:46:08 IST" name="afterTestFunction" finished-at="2023-08-09T06:46:08 IST" duration-ms="269" status="PASS">
          <reporter-output>
          </reporter-output>
        </test-method> <!-- afterTestFunction -->
      </class> <!-- tests.HomeTest -->
    </test> <!-- Test -->
  </suite> <!-- Suite -->
</testng-results>
